<?xml version="1.0" encoding="UTF-8"?>
<!-- Generated by org.testng.reporters.JUnitReportReporter -->
<testsuite hostname="ASCENDI-VIBCTFF" failures="0" tests="1" name="pac1.TC009_TestNG" time="0.001" errors="0" timestamp="2025-10-15T10:25:38 IST" skipped="0">
  <testcase classname="pac1.TC009_TestNG" name="f" time="0.001"/>
  <system-out/>
</testsuite> <!-- pac1.TC009_TestNG -->
