<?xml version="1.0" encoding="UTF-8"?>
<!-- Generated by org.testng.reporters.JUnitReportReporter -->
<testsuite hostname="ASCENDI-VIBCTFF" failures="0" tests="2" name="pac1.LAB9_TestNG" time="68.842" errors="0" timestamp="2025-10-16T12:32:46 IST" skipped="0">
  <testcase classname="pac1.LAB9_TestNG" name="testOnEdge" time="42.810"/>
  <system-out/>
  <testcase classname="pac1.LAB9_TestNG" name="testOnChrome" time="26.032"/>
  <system-out/>
</testsuite> <!-- pac1.LAB9_TestNG -->
